[debug] [2019-09-16T17:56:45.364Z] ----------------------------------------------------------------------
[debug] [2019-09-16T17:56:45.367Z] Command:       /Users/victorugwueze/.nvm/versions/node/v8.16.0/bin/node /Users/victorugwueze/.nvm/versions/node/v8.16.0/bin/firebase functions:shell
[debug] [2019-09-16T17:56:45.367Z] CLI Version:   7.3.1
[debug] [2019-09-16T17:56:45.367Z] Platform:      darwin
[debug] [2019-09-16T17:56:45.367Z] Node Version:  v8.16.0
[debug] [2019-09-16T17:56:45.368Z] Time:          Mon Sep 16 2019 18:56:45 GMT+0100 (WAT)
[debug] [2019-09-16T17:56:45.368Z] ----------------------------------------------------------------------
[debug] 
[debug] [2019-09-16T17:56:45.384Z] > command requires scopes: ["email","openid","https://www.googleapis.com/auth/cloudplatformprojects.readonly","https://www.googleapis.com/auth/firebase","https://www.googleapis.com/auth/cloud-platform"]
[debug] [2019-09-16T17:56:45.384Z] > authorizing via signed-in user
[debug] [2019-09-16T17:56:45.384Z] [iam] checking project unilagpastquestions-com for permissions ["firebase.projects.get"]
[debug] [2019-09-16T17:56:45.386Z] > refreshing access token with scopes: ["email","https://www.googleapis.com/auth/cloud-platform","https://www.googleapis.com/auth/cloudplatformprojects.readonly","https://www.googleapis.com/auth/firebase","openid"]
[debug] [2019-09-16T17:56:45.386Z] >>> HTTP REQUEST POST https://www.googleapis.com/oauth2/v3/token  
 <request body omitted>
[debug] [2019-09-16T17:56:45.896Z] <<< HTTP RESPONSE 200
[debug] [2019-09-16T17:56:45.930Z] >>> HTTP REQUEST POST https://cloudresourcemanager.googleapis.com/v1/projects/unilagpastquestions-com:testIamPermissions  

[debug] [2019-09-16T17:56:47.505Z] <<< HTTP RESPONSE 200
[debug] [2019-09-16T17:56:47.523Z] [functions] Using node@8 from host.
[info] ✔  functions: Emulator started at http://localhost:5000
[debug] [2019-09-16T17:56:47.788Z] [functions] Watching "/Users/victorugwueze/as/studentcompanion/functions" for Cloud Functions...
[debug] [2019-09-16T17:56:48.172Z] DEBUG: [runtime-status] Functions runtime initialized. {"cwd":"/Users/victorugwueze/as/studentcompanion/functions","node_version":"8.16.0"}
[debug] [2019-09-16T17:56:48.172Z] DEBUG: [runtime-status] Disabled runtime features: {"functions_config_helper":true,"network_filtering":true,"timeout":true,"memory_limiting":true,"admin_stubs":true} {}
[debug] [2019-09-16T17:56:48.178Z] DEBUG: [runtime-status] Resolved module firebase-admin {"declared":true,"installed":true,"version":"8.5.0","resolution":"/Users/victorugwueze/as/studentcompanion/functions/node_modules/firebase-admin/lib/index.js"}
[debug] [2019-09-16T17:56:48.180Z] DEBUG: [runtime-status] Resolved module firebase-functions {"declared":true,"installed":true,"version":"3.2.0","resolution":"/Users/victorugwueze/as/studentcompanion/functions/node_modules/firebase-functions/lib/index.js"}
[debug] [2019-09-16T17:56:48.181Z] DEBUG: [runtime-status] Resolved module firebase-functions {"declared":true,"installed":true,"version":"3.2.0","resolution":"/Users/victorugwueze/as/studentcompanion/functions/node_modules/firebase-functions/lib/index.js"}
[debug] [2019-09-16T17:56:48.872Z] [functions[SendEmailVerificationCode]] http function initialized (http://localhost:5000/unilagpastquestions-com/us-central1/SendEmailVerificationCode).
[debug] [2019-09-16T17:56:48.872Z] [functions[SendDeviceActivationCode]] http function initialized (http://localhost:5000/unilagpastquestions-com/us-central1/SendDeviceActivationCode).
[debug] [2019-09-16T17:56:48.872Z] [functions[initializePayStack]] http function initialized (http://localhost:5000/unilagpastquestions-com/us-central1/initializePayStack).
[info] i  functions: Loaded functions: SendEmailVerificationCode, SendDeviceActivationCode, initializePayStack
[debug] [2019-09-16T18:14:20.494Z] Accepted request POST /unilagpastquestions-com/us-central1/SendDeviceActivationCode --> SendDeviceActivationCode
[debug] [2019-09-16T18:14:21.000Z] DEBUG: [runtime-status] Functions runtime initialized. {"cwd":"/Users/victorugwueze/as/studentcompanion/functions","node_version":"8.16.0"}
[debug] [2019-09-16T18:14:21.001Z] [functions] Beginning execution of "SendDeviceActivationCode"
[debug] [2019-09-16T18:14:21.001Z] DEBUG: [runtime-status] Disabled runtime features: {"functions_config_helper":true,"network_filtering":true,"timeout":true,"memory_limiting":true,"admin_stubs":true} {}
[debug] [2019-09-16T18:14:21.003Z] DEBUG: [runtime-status] Resolved module firebase-admin {"declared":true,"installed":true,"version":"8.5.0","resolution":"/Users/victorugwueze/as/studentcompanion/functions/node_modules/firebase-admin/lib/index.js"}
[debug] [2019-09-16T18:14:21.004Z] DEBUG: [runtime-status] Resolved module firebase-functions {"declared":true,"installed":true,"version":"3.2.0","resolution":"/Users/victorugwueze/as/studentcompanion/functions/node_modules/firebase-functions/lib/index.js"}
[debug] [2019-09-16T18:14:21.005Z] DEBUG: [runtime-status] Resolved module firebase-functions {"declared":true,"installed":true,"version":"3.2.0","resolution":"/Users/victorugwueze/as/studentcompanion/functions/node_modules/firebase-functions/lib/index.js"}
[debug] [2019-09-16T18:14:21.609Z] DEBUG: [runtime-status] Trigger "SendDeviceActivationCode" has been found, beginning invocation! {}
[debug] [2019-09-16T18:14:21.609Z] DEBUG: [runtime-status]  {"httpsTrigger":{},"labels":{"deployment-callable":"true"},"name":"SendDeviceActivationCode","entryPoint":"SendDeviceActivationCode"}
[debug] [2019-09-16T18:14:21.609Z] DEBUG: [runtime-status] Running SendDeviceActivationCode in mode HTTPS {}
[debug] [2019-09-16T18:14:21.618Z] {"socketPath":"/var/folders/vt/y5xwby6d2qs8lncdzgddr3m40000gn/T/firebase_emulator_invocation_69467.sock"}
[debug] [2019-09-16T18:14:21.620Z] DEBUG: [functions] Runtime ready! Sending request! {"socketPath":"/var/folders/vt/y5xwby6d2qs8lncdzgddr3m40000gn/T/firebase_emulator_invocation_69467.sock"}
[debug] [2019-09-16T18:14:21.672Z] DEBUG: [runtime-status] Ephemeral server used! {}
[info] >  Request body is missing data. {}
[info] >  Invalid request IncomingMessage {
[info] >    _readableState: 
[info] >     ReadableState {
[info] >       objectMode: false,
[info] >       highWaterMark: 16384,
[info] >       buffer: BufferList { head: null, tail: null, length: 0 },
[info] >       length: 0,
[info] >       pipes: null,
[info] >       pipesCount: 0,
[info] >       flowing: true,
[info] >       ended: true,
[info] >       endEmitted: true,
[info] >       reading: false,
[info] >       sync: false,
[info] >       needReadable: false,
[info] >       emittedReadable: false,
[info] >       readableListening: false,
[info] >       resumeScheduled: false,
[info] >       destroyed: false,
[info] >       defaultEncoding: 'utf8',
[info] >       awaitDrain: 0,
[info] >       readingMore: false,
[info] >       decoder: null,
[info] >       encoding: null },
[info] >    readable: false,
[info] >    domain: null,
[info] >    _events: { end: [Function: resetHeadersTimeoutOnReqEnd] },
[info] >    _eventsCount: 1,
[info] >    _maxListeners: undefined,
[info] >    socket: 
[info] >     Socket {
[info] >       connecting: false,
[info] >       _hadError: false,
[info] >       _handle: 
[info] >        Pipe {
[info] >          writeQueueSize: 0,
[info] >          owner: [Circular],
[info] >          onread: [Function: onread],
[info] >          reading: true,
[info] >          _consumed: true },
[info] >       _parent: null,
[info] >       _host: null,
[info] >       _readableState: 
[info] >        ReadableState {
[info] >          objectMode: false,
[info] >          highWaterMark: 16384,
[info] >          buffer: [Object],
[info] >          length: 0,
[info] >          pipes: null,
[info] >          pipesCount: 0,
[info] >          flowing: true,
[info] >          ended: false,
[info] >          endEmitted: false,
[info] >          reading: true,
[info] >          sync: false,
[info] >          needReadable: true,
[info] >          emittedReadable: false,
[info] >          readableListening: false,
[info] >          resumeScheduled: false,
[info] >          destroyed: false,
[info] >          defaultEncoding: 'utf8',
[info] >          awaitDrain: 0,
[info] >          readingMore: false,
[info] >          decoder: null,
[info] >          encoding: null },
[info] >       readable: true,
[info] >       domain: null,
[info] >       _events: 
[info] >        { end: [Array],
[info] >          _socketEnd: [Function: onSocketEnd],
[info] >          drain: [Array],
[info] >          timeout: [Function: socketOnTimeout],
[info] >          data: [Function: bound socketOnData],
[info] >          error: [Function: socketOnError],
[info] >          close: [Array],
[info] >          resume: [Function: onSocketResume],
[info] >          pause: [Function: onSocketPause] },
[info] >       _eventsCount: 9,
[info] >       _maxListeners: undefined,
[info] >       _writableState: 
[info] >        WritableState {
[info] >          objectMode: false,
[info] >          highWaterMark: 16384,
[info] >          finalCalled: false,
[info] >          needDrain: false,
[info] >          ending: false,
[info] >          ended: false,
[info] >          finished: false,
[info] >          destroyed: false,
[info] >          decodeStrings: false,
[info] >          defaultEncoding: 'utf8',
[info] >          length: 0,
[info] >          writing: false,
[info] >          corked: 0,
[info] >          sync: true,
[info] >          bufferProcessing: false,
[info] >          onwrite: [Function: bound onwrite],
[info] >          writecb: null,
[info] >          writelen: 0,
[info] >          bufferedRequest: null,
[info] >          lastBufferedRequest: null,
[info] >          pendingcb: 0,
[info] >          prefinished: false,
[info] >          errorEmitted: false,
[info] >          bufferedRequestCount: 0,
[info] >          corkedRequestsFree: [Object] },
[info] >       writable: true,
[info] >       allowHalfOpen: true,
[info] >       _bytesDispatched: 0,
[info] >       _sockname: null,
[info] >       _pendingData: null,
[info] >       _pendingEncoding: '',
[info] >       server: 
[info] >        Server {
[info] >          domain: null,
[info] >          _events: [Object],
[info] >          _eventsCount: 2,
[info] >          _maxListeners: undefined,
[info] >          _connections: 1,
[info] >          _handle: [Object],
[info] >          _usingSlaves: false,
[info] >          _slaves: [],
[info] >          _unref: false,
[info] >          allowHalfOpen: true,
[info] >          pauseOnConnect: false,
[info] >          httpAllowHalfOpen: false,
[info] >          timeout: 120000,
[info] >          keepAliveTimeout: 5000,
[info] >          _pendingResponseData: 0,
[info] >          maxHeadersCount: null,
[info] >          headersTimeout: 40000,
[info] >          _pipeName: '/var/folders/vt/y5xwby6d2qs8lncdzgddr3m40000gn/T/firebase_emulator_invocation_69467.sock',
[info] >          _connectionKey: '-1:/var/folders/vt/y5xwby6d2qs8lncdzgddr3m40000gn/T/firebase_emulator_invocation_69467.sock:-1',
[info] >          [Symbol(IncomingMessage)]: [Object],
[info] >          [Symbol(ServerResponse)]: [Object],
[info] >          [Symbol(asyncId)]: 18 },
[info] >       _server: 
[info] >        Server {
[info] >          domain: null,
[info] >          _events: [Object],
[info] >          _eventsCount: 2,
[info] >          _maxListeners: undefined,
[info] >          _connections: 1,
[info] >          _handle: [Object],
[info] >          _usingSlaves: false,
[info] >          _slaves: [],
[info] >          _unref: false,
[info] >          allowHalfOpen: true,
[info] >          pauseOnConnect: false,
[info] >          httpAllowHalfOpen: false,
[info] >          timeout: 120000,
[info] >          keepAliveTimeout: 5000,
[info] >          _pendingResponseData: 0,
[info] >          maxHeadersCount: null,
[info] >          headersTimeout: 40000,
[info] >          _pipeName: '/var/folders/vt/y5xwby6d2qs8lncdzgddr3m40000gn/T/firebase_emulator_invocation_69467.sock',
[info] >          _connectionKey: '-1:/var/folders/vt/y5xwby6d2qs8lncdzgddr3m40000gn/T/firebase_emulator_invocation_69467.sock:-1',
[info] >          [Symbol(IncomingMessage)]: [Object],
[info] >          [Symbol(ServerResponse)]: [Object],
[info] >          [Symbol(asyncId)]: 18 },
[info] >       _idleTimeout: 120000,
[info] >       _idleNext: 
[info] >        TimersList {
[info] >          _idleNext: [Circular],
[info] >          _idlePrev: [Circular],
[info] >          _timer: [Object],
[info] >          _unrefed: true,
[info] >          msecs: 120000,
[info] >          nextTick: false },
[info] >       _idlePrev: 
[info] >        TimersList {
[info] >          _idleNext: [Circular],
[info] >          _idlePrev: [Circular],
[info] >          _timer: [Object],
[info] >          _unrefed: true,
[info] >          msecs: 120000,
[info] >          nextTick: false },
[info] >       _idleStart: 1163,
[info] >       _destroyed: false,
[info] >       parser: 
[info] >        HTTPParser {
[info] >          '0': [Function: parserOnHeaders],
[info] >          '1': [Function: parserOnHeadersComplete],
[info] >          '2': [Function: parserOnBody],
[info] >          '3': [Function: parserOnMessageComplete],
[info] >          '4': [Function: bound onParserExecute],
[info] >          _headers: [],
[info] >          _url: '',
[info] >          _consumed: true,
[info] >          socket: [Circular],
[info] >          incoming: [Circular],
[info] >          outgoing: null,
[info] >          parsingHeadersStart: 1568657661624,
[info] >          maxHeaderPairs: 2000,
[info] >          onIncoming: [Function: bound parserOnIncoming],
[info] >          [Symbol(isReused)]: false },
[info] >       on: [Function: socketOnWrap],
[info] >       _paused: false,
[info] >       _httpMessage: 
[info] >        ServerResponse {
[info] >          domain: null,
[info] >          _events: [Object],
[info] >          _eventsCount: 1,
[info] >          _maxListeners: undefined,
[info] >          output: [],
[info] >          outputEncodings: [],
[info] >          outputCallbacks: [],
[info] >          outputSize: 0,
[info] >          writable: true,
[info] >          _last: false,
[info] >          upgrading: false,
[info] >          chunkedEncoding: false,
[info] >          shouldKeepAlive: false,
[info] >          useChunkedEncodingByDefault: true,
[info] >          sendDate: true,
[info] >          _removedConnection: false,
[info] >          _removedContLen: false,
[info] >          _removedTE: false,
[info] >          _contentLength: null,
[info] >          _hasBody: true,
[info] >          _trailer: '',
[info] >          finished: false,
[info] >          _headerSent: false,
[info] >          socket: [Circular],
[info] >          connection: [Circular],
[info] >          _header: null,
[info] >          _onPendingData: [Function: bound updateOutgoingData],
[info] >          _sent100: false,
[info] >          _expect_continue: false,
[info] >          req: [Circular],
[info] >          locals: {},
[info] >          [Symbol(outHeadersKey)]: [Object] },
[info] >       [Symbol(asyncId)]: 21,
[info] >       [Symbol(bytesRead)]: 0,
[info] >       [Symbol(asyncId)]: 23,
[info] >       [Symbol(triggerAsyncId)]: 21 },
[info] >    connection: 
[info] >     Socket {
[info] >       connecting: false,
[info] >       _hadError: false,
[info] >       _handle: 
[info] >        Pipe {
[info] >          writeQueueSize: 0,
[info] >          owner: [Circular],
[info] >          onread: [Function: onread],
[info] >          reading: true,
[info] >          _consumed: true },
[info] >       _parent: null,
[info] >       _host: null,
[info] >       _readableState: 
[info] >        ReadableState {
[info] >          objectMode: false,
[info] >          highWaterMark: 16384,
[info] >          buffer: [Object],
[info] >          length: 0,
[info] >          pipes: null,
[info] >          pipesCount: 0,
[info] >          flowing: true,
[info] >          ended: false,
[info] >          endEmitted: false,
[info] >          reading: true,
[info] >          sync: false,
[info] >          needReadable: true,
[info] >          emittedReadable: false,
[info] >          readableListening: false,
[info] >          resumeScheduled: false,
[info] >          destroyed: false,
[info] >          defaultEncoding: 'utf8',
[info] >          awaitDrain: 0,
[info] >          readingMore: false,
[info] >          decoder: null,
[info] >          encoding: null },
[info] >       readable: true,
[info] >       domain: null,
[info] >       _events: 
[info] >        { end: [Array],
[info] >          _socketEnd: [Function: onSocketEnd],
[info] >          drain: [Array],
[info] >          timeout: [Function: socketOnTimeout],
[info] >          data: [Function: bound socketOnData],
[info] >          error: [Function: socketOnError],
[info] >          close: [Array],
[info] >          resume: [Function: onSocketResume],
[info] >          pause: [Function: onSocketPause] },
[info] >       _eventsCount: 9,
[info] >       _maxListeners: undefined,
[info] >       _writableState: 
[info] >        WritableState {
[info] >          objectMode: false,
[info] >          highWaterMark: 16384,
[info] >          finalCalled: false,
[info] >          needDrain: false,
[info] >          ending: false,
[info] >          ended: false,
[info] >          finished: false,
[info] >          destroyed: false,
[info] >          decodeStrings: false,
[info] >          defaultEncoding: 'utf8',
[info] >          length: 0,
[info] >          writing: false,
[info] >          corked: 0,
[info] >          sync: true,
[info] >          bufferProcessing: false,
[info] >          onwrite: [Function: bound onwrite],
[info] >          writecb: null,
[info] >          writelen: 0,
[info] >          bufferedRequest: null,
[info] >          lastBufferedRequest: null,
[info] >          pendingcb: 0,
[info] >          prefinished: false,
[info] >          errorEmitted: false,
[info] >          bufferedRequestCount: 0,
[info] >          corkedRequestsFree: [Object] },
[info] >       writable: true,
[info] >       allowHalfOpen: true,
[info] >       _bytesDispatched: 0,
[info] >       _sockname: null,
[info] >       _pendingData: null,
[info] >       _pendingEncoding: '',
[info] >       server: 
[info] >        Server {
[info] >          domain: null,
[info] >          _events: [Object],
[info] >          _eventsCount: 2,
[info] >          _maxListeners: undefined,
[info] >          _connections: 1,
[info] >          _handle: [Object],
[info] >          _usingSlaves: false,
[info] >          _slaves: [],
[info] >          _unref: false,
[info] >          allowHalfOpen: true,
[info] >          pauseOnConnect: false,
[info] >          httpAllowHalfOpen: false,
[info] >          timeout: 120000,
[info] >          keepAliveTimeout: 5000,
[info] >          _pendingResponseData: 0,
[info] >          maxHeadersCount: null,
[info] >          headersTimeout: 40000,
[info] >          _pipeName: '/var/folders/vt/y5xwby6d2qs8lncdzgddr3m40000gn/T/firebase_emulator_invocation_69467.sock',
[info] >          _connectionKey: '-1:/var/folders/vt/y5xwby6d2qs8lncdzgddr3m40000gn/T/firebase_emulator_invocation_69467.sock:-1',
[info] >          [Symbol(IncomingMessage)]: [Object],
[info] >          [Symbol(ServerResponse)]: [Object],
[info] >          [Symbol(asyncId)]: 18 },
[info] >       _server: 
[info] >        Server {
[info] >          domain: null,
[info] >          _events: [Object],
[info] >          _eventsCount: 2,
[info] >          _maxListeners: undefined,
[info] >          _connections: 1,
[info] >          _handle: [Object],
[info] >          _usingSlaves: false,
[info] >          _slaves: [],
[info] >          _unref: false,
[info] >          allowHalfOpen: true,
[info] >          pauseOnConnect: false,
[info] >          httpAllowHalfOpen: false,
[info] >          timeout: 120000,
[info] >          keepAliveTimeout: 5000,
[info] >          _pendingResponseData: 0,
[info] >          maxHeadersCount: null,
[info] >          headersTimeout: 40000,
[info] >          _pipeName: '/var/folders/vt/y5xwby6d2qs8lncdzgddr3m40000gn/T/firebase_emulator_invocation_69467.sock',
[info] >          _connectionKey: '-1:/var/folders/vt/y5xwby6d2qs8lncdzgddr3m40000gn/T/firebase_emulator_invocation_69467.sock:-1',
[info] >          [Symbol(IncomingMessage)]: [Object],
[info] >          [Symbol(ServerResponse)]: [Object],
[info] >          [Symbol(asyncId)]: 18 },
[info] >       _idleTimeout: 120000,
[info] >       _idleNext: 
[info] >        TimersList {
[info] >          _idleNext: [Circular],
[info] >          _idlePrev: [Circular],
[info] >          _timer: [Object],
[info] >          _unrefed: true,
[info] >          msecs: 120000,
[info] >          nextTick: false },
[info] >       _idlePrev: 
[info] >        TimersList {
[info] >          _idleNext: [Circular],
[info] >          _idlePrev: [Circular],
[info] >          _timer: [Object],
[info] >          _unrefed: true,
[info] >          msecs: 120000,
[info] >          nextTick: false },
[info] >       _idleStart: 1163,
[info] >       _destroyed: false,
[info] >       parser: 
[info] >        HTTPParser {
[info] >          '0': [Function: parserOnHeaders],
[info] >          '1': [Function: parserOnHeadersComplete],
[info] >          '2': [Function: parserOnBody],
[info] >          '3': [Function: parserOnMessageComplete],
[info] >          '4': [Function: bound onParserExecute],
[info] >          _headers: [],
[info] >          _url: '',
[info] >          _consumed: true,
[info] >          socket: [Circular],
[info] >          incoming: [Circular],
[info] >          outgoing: null,
[info] >          parsingHeadersStart: 1568657661624,
[info] >          maxHeaderPairs: 2000,
[info] >          onIncoming: [Function: bound parserOnIncoming],
[info] >          [Symbol(isReused)]: false },
[info] >       on: [Function: socketOnWrap],
[info] >       _paused: false,
[info] >       _httpMessage: 
[info] >        ServerResponse {
[info] >          domain: null,
[info] >          _events: [Object],
[info] >          _eventsCount: 1,
[info] >          _maxListeners: undefined,
[info] >          output: [],
[info] >          outputEncodings: [],
[info] >          outputCallbacks: [],
[info] >          outputSize: 0,
[info] >          writable: true,
[info] >          _last: false,
[info] >          upgrading: false,
[info] >          chunkedEncoding: false,
[info] >          shouldKeepAlive: false,
[info] >          useChunkedEncodingByDefault: true,
[info] >          sendDate: true,
[info] >          _removedConnection: false,
[info] >          _removedContLen: false,
[info] >          _removedTE: false,
[info] >          _contentLength: null,
[info] >          _hasBody: true,
[info] >          _trailer: '',
[info] >          finished: false,
[info] >          _headerSent: false,
[info] >          socket: [Circular],
[info] >          connection: [Circular],
[info] >          _header: null,
[info] >          _onPendingData: [Function: bound updateOutgoingData],
[info] >          _sent100: false,
[info] >          _expect_continue: false,
[info] >          req: [Circular],
[info] >          locals: {},
[info] >          [Symbol(outHeadersKey)]: [Object] },
[info] >       [Symbol(asyncId)]: 21,
[info] >       [Symbol(bytesRead)]: 0,
[info] >       [Symbol(asyncId)]: 23,
[info] >       [Symbol(triggerAsyncId)]: 21 },
[info] >    httpVersionMajor: 1,
[info] >    httpVersionMinor: 1,
[info] >    httpVersion: '1.1',
[info] >    complete: true,
[info] >    headers: 
[info] >     { host: 'localhost:5000',
[info] >       accept: 'application/json',
[info] >       'content-type': 'application/json',
[info] >       'content-length': '2',
[info] >       connection: 'close' },
[info] >    rawHeaders: 
[info] >     [ 'host',
[info] >       'localhost:5000',
[info] >       'accept',
[info] >       'application/json',
[info] >       'content-type',
[info] >       'application/json',
[info] >       'content-length',
[info] >       '2',
[info] >       'connection',
[info] >       'close' ],
[info] >    trailers: {},
[info] >    rawTrailers: [],
[info] >    aborted: false,
[info] >    upgrade: false,
[info] >    url: '/',
[info] >    method: 'POST',
[info] >    statusCode: null,
[info] >    statusMessage: null,
[info] >    client: 
[info] >     Socket {
[info] >       connecting: false,
[info] >       _hadError: false,
[info] >       _handle: 
[info] >        Pipe {
[info] >          writeQueueSize: 0,
[info] >          owner: [Circular],
[info] >          onread: [Function: onread],
[info] >          reading: true,
[info] >          _consumed: true },
[info] >       _parent: null,
[info] >       _host: null,
[info] >       _readableState: 
[info] >        ReadableState {
[info] >          objectMode: false,
[info] >          highWaterMark: 16384,
[info] >          buffer: [Object],
[info] >          length: 0,
[info] >          pipes: null,
[info] >          pipesCount: 0,
[info] >          flowing: true,
[info] >          ended: false,
[info] >          endEmitted: false,
[info] >          reading: true,
[info] >          sync: false,
[info] >          needReadable: true,
[info] >          emittedReadable: false,
[info] >          readableListening: false,
[info] >          resumeScheduled: false,
[info] >          destroyed: false,
[info] >          defaultEncoding: 'utf8',
[info] >          awaitDrain: 0,
[info] >          readingMore: false,
[info] >          decoder: null,
[info] >          encoding: null },
[info] >       readable: true,
[info] >       domain: null,
[info] >       _events: 
[info] >        { end: [Array],
[info] >          _socketEnd: [Function: onSocketEnd],
[info] >          drain: [Array],
[info] >          timeout: [Function: socketOnTimeout],
[info] >          data: [Function: bound socketOnData],
[info] >          error: [Function: socketOnError],
[info] >          close: [Array],
[info] >          resume: [Function: onSocketResume],
[info] >          pause: [Function: onSocketPause] },
[info] >       _eventsCount: 9,
[info] >       _maxListeners: undefined,
[info] >       _writableState: 
[info] >        WritableState {
[info] >          objectMode: false,
[info] >          highWaterMark: 16384,
[info] >          finalCalled: false,
[info] >          needDrain: false,
[info] >          ending: false,
[info] >          ended: false,
[info] >          finished: false,
[info] >          destroyed: false,
[info] >          decodeStrings: false,
[info] >          defaultEncoding: 'utf8',
[info] >          length: 0,
[info] >          writing: false,
[info] >          corked: 0,
[info] >          sync: true,
[info] >          bufferProcessing: false,
[info] >          onwrite: [Function: bound onwrite],
[info] >          writecb: null,
[info] >          writelen: 0,
[info] >          bufferedRequest: null,
[info] >          lastBufferedRequest: null,
[info] >          pendingcb: 0,
[info] >          prefinished: false,
[info] >          errorEmitted: false,
[info] >          bufferedRequestCount: 0,
[info] >          corkedRequestsFree: [Object] },
[info] >       writable: true,
[info] >       allowHalfOpen: true,
[info] >       _bytesDispatched: 0,
[info] >       _sockname: null,
[info] >       _pendingData: null,
[info] >       _pendingEncoding: '',
[info] >       server: 
[info] >        Server {
[info] >          domain: null,
[info] >          _events: [Object],
[info] >          _eventsCount: 2,
[info] >          _maxListeners: undefined,
[info] >          _connections: 1,
[info] >          _handle: [Object],
[info] >          _usingSlaves: false,
[info] >          _slaves: [],
[info] >          _unref: false,
[info] >          allowHalfOpen: true,
[info] >          pauseOnConnect: false,
[info] >          httpAllowHalfOpen: false,
[info] >          timeout: 120000,
[info] >          keepAliveTimeout: 5000,
[info] >          _pendingResponseData: 0,
[info] >          maxHeadersCount: null,
[info] >          headersTimeout: 40000,
[debug] [2019-09-16T18:14:22.208Z] DEBUG: [runtime-status] Ephemeral server survived. {}
[debug] [2019-09-16T18:14:22.208Z] [functions] Finished "SendDeviceActivationCode" in ~1s
